Watching for file changes with StatReloader
Not Found: /football/fixturedetail/img/avatars/avatar-2.jpg
Not Found: /football/fixturedetail/img/avatars/avatar-5.jpg
Not Found: /football/fixturedetail/img/avatars/avatar-4.jpg
Not Found: /football/fixturedetail/img/avatars/avatar-3.jpg
Not Found: /football/fixturedetail/js/datatables.js
Not Found: /football/fixturedetail/img/avatars/avatar-2.jpg
Not Found: /football/fixturedetail/img/avatars/avatar-5.jpg
Not Found: /football/fixturedetail/img/avatars/avatar-3.jpg
Not Found: /football/fixturedetail/img/avatars/avatar-4.jpg
Not Found: /football/fixturedetail/js/datatables.js
Not Found: /football/fixturedetail/img/avatars/avatar-5.jpg
Not Found: /football/fixturedetail/img/avatars/avatar-2.jpg
Not Found: /football/fixturedetail/img/avatars/avatar-4.jpg
Not Found: /football/fixturedetail/img/avatars/avatar-3.jpg
Not Found: /football/fixturedetail/js/datatables.js
Not Found: /football/fixturedetail/img/avatars/avatar-5.jpg
Not Found: /football/fixturedetail/img/avatars/avatar-2.jpg
Not Found: /football/fixturedetail/img/avatars/avatar-3.jpg
Not Found: /football/fixturedetail/img/avatars/avatar-4.jpg
Not Found: /football/fixturedetail/js/datatables.js
Not Found: /football/fixturedetail/img/avatars/avatar-5.jpg
Not Found: /football/fixturedetail/img/avatars/avatar-2.jpg
Not Found: /football/fixturedetail/img/avatars/avatar-4.jpg
Not Found: /football/fixturedetail/img/avatars/avatar-3.jpg
Not Found: /football/fixturedetail/js/datatables.js
Not Found: /football/fixturedetail/img/avatars/avatar-2.jpg
Not Found: /football/fixturedetail/img/avatars/avatar-5.jpg
Not Found: /football/fixturedetail/img/avatars/avatar-4.jpg
Not Found: /football/fixturedetail/img/avatars/avatar-3.jpg
Not Found: /football/fixturedetail/js/datatables.js
Not Found: /sport/img/avatars/avatar-5.jpg
Not Found: /sport/img/avatars/avatar-2.jpg
Not Found: /sport/img/avatars/avatar-4.jpg
Not Found: /sport/img/avatars/avatar-3.jpg
Not Found: /sport/js/datatables.js
Not Found: /basketball3/img/avatars/avatar-2.jpg
Not Found: /basketball3/img/avatars/avatar-5.jpg
Not Found: /basketball3/js/datatables.js
Not Found: /basketball3/img/avatars/avatar-3.jpg
Not Found: /basketball3/img/avatars/avatar-4.jpg
Not Found: /basketball3/b3tourn/img/avatars/avatar-2.jpg
Not Found: /basketball3/b3tourn/img/avatars/avatar-5.jpg
Not Found: /basketball3/b3tourn/img/avatars/avatar-3.jpg
Not Found: /basketball3/b3tourn/img/avatars/avatar-4.jpg
Not Found: /basketball3/b3tourn/js/datatables.js
Not Found: /get_b3group_teams/1/
Not Found: /sport/img/avatars/avatar-2.jpg
Not Found: /sport/img/avatars/avatar-5.jpg
Not Found: /sport/img/avatars/avatar-3.jpg
Not Found: /sport/img/avatars/avatar-4.jpg
Not Found: /sport/js/datatables.js
Not Found: /handball/img/avatars/avatar-5.jpg
Not Found: /handball/img/avatars/avatar-2.jpg
Not Found: /handball/img/avatars/avatar-4.jpg
Not Found: /handball/img/avatars/avatar-3.jpg
Not Found: /handball/js/datatables.js
Not Found: /handball/hhtourn/img/avatars/avatar-5.jpg
Not Found: /handball/hhtourn/img/avatars/avatar-2.jpg
Not Found: /handball/hhtourn/img/avatars/avatar-4.jpg
Not Found: /handball/hhtourn/js/datatables.js
Not Found: /handball/hhtourn/img/avatars/avatar-3.jpg
Not Found: /handball/hfixturedetail/img/avatars/avatar-2.jpg
Not Found: /handball/hfixturedetail/img/avatars/avatar-5.jpg
Not Found: /handball/hfixturedetail/js/datatables.js
Not Found: /handball/hfixturedetail/img/avatars/avatar-4.jpg
Not Found: /handball/hfixturedetail/img/avatars/avatar-3.jpg
Not Found: /football/fixturedetail/img/avatars/avatar-5.jpg
Not Found: /football/fixturedetail/img/avatars/avatar-2.jpg
Not Found: /football/fixturedetail/js/datatables.js
Not Found: /football/fixturedetail/img/avatars/avatar-4.jpg
Not Found: /football/fixturedetail/img/avatars/avatar-3.jpg
Not Found: /sport/img/avatars/avatar-2.jpg
Not Found: /sport/img/avatars/avatar-5.jpg
Not Found: /sport/img/avatars/avatar-3.jpg
Not Found: /sport/img/avatars/avatar-4.jpg
Not Found: /sport/js/datatables.js
Not Found: /volleyball/img/avatars/avatar-2.jpg
Not Found: /volleyball/img/avatars/avatar-5.jpg
Not Found: /volleyball/img/avatars/avatar-4.jpg
Not Found: /volleyball/img/avatars/avatar-3.jpg
Not Found: /volleyball/js/datatables.js
Not Found: /volleyball/futourn/img/avatars/avatar-5.jpg
Not Found: /volleyball/futourn/img/avatars/avatar-2.jpg
Not Found: /volleyball/futourn/js/datatables.js
Not Found: /volleyball/futourn/img/avatars/avatar-3.jpg
Not Found: /volleyball/futourn/img/avatars/avatar-4.jpg
Not Found: /volleyball/vfixturedetail/img/avatars/avatar-5.jpg
Not Found: /volleyball/vfixturedetail/img/avatars/avatar-2.jpg
Not Found: /volleyball/vfixturedetail/img/avatars/avatar-4.jpg
Not Found: /volleyball/vfixturedetail/js/datatables.js
Not Found: /volleyball/vfixturedetail/img/avatars/avatar-3.jpg
Not Found: /football/fixturedetail/img/avatars/avatar-2.jpg
Not Found: /football/fixturedetail/img/avatars/avatar-5.jpg
Not Found: /football/fixturedetail/img/avatars/avatar-3.jpg
Not Found: /football/fixturedetail/img/avatars/avatar-4.jpg
Not Found: /football/fixturedetail/js/datatables.js
Watching for file changes with StatReloader
Not Found: /football/fixturedetail/img/avatars/avatar-2.jpg
Not Found: /football/fixturedetail/img/avatars/avatar-3.jpg
Not Found: /football/fixturedetail/img/avatars/avatar-4.jpg
Not Found: /football/fixturedetail/js/datatables.js
Not Found: /football/fixturedetail/img/avatars/avatar-5.jpg
E:\django\cms\cms\football\apiviews.py changed, reloading.
Watching for file changes with StatReloader
E:\django\cms\cms\football\apiviews.py changed, reloading.
Watching for file changes with StatReloader
Not Found: /football/fixturedetail/img/avatars/avatar-2.jpg
Not Found: /football/fixturedetail/img/avatars/avatar-5.jpg
Not Found: /football/fixturedetail/img/avatars/avatar-4.jpg
Not Found: /football/fixturedetail/js/datatables.js
Not Found: /football/fixturedetail/img/avatars/avatar-3.jpg
Internal Server Error: /get_athletes_for_team/
Traceback (most recent call last):
  File "E:\django\cms\venv\Lib\site-packages\django\core\handlers\exception.py", line 55, in inner
    response = get_response(request)
               ^^^^^^^^^^^^^^^^^^^^^
  File "E:\django\cms\venv\Lib\site-packages\django\core\handlers\base.py", line 197, in _get_response
    response = wrapped_callback(request, *callback_args, **callback_kwargs)
               ^^^^^^^^^^^^^^^^^^^^^^^^^^^^^^^^^^^^^^^^^^^^^^^^^^^^^^^^^^^^
  File "E:\django\cms\cms\basketball3\apiviews.py", line 67, in get_athletes_for_team
    athletes = Athlete.objects.filter(team_id=team_id)
               ^^^^^^^^^^^^^^^^^^^^^^^^^^^^^^^^^^^^^^^
  File "E:\django\cms\venv\Lib\site-packages\django\db\models\manager.py", line 87, in manager_method
    return getattr(self.get_queryset(), name)(*args, **kwargs)
           ^^^^^^^^^^^^^^^^^^^^^^^^^^^^^^^^^^^^^^^^^^^^^^^^^^^
  File "E:\django\cms\venv\Lib\site-packages\django\db\models\query.py", line 1476, in filter
    return self._filter_or_exclude(False, args, kwargs)
           ^^^^^^^^^^^^^^^^^^^^^^^^^^^^^^^^^^^^^^^^^^^^
  File "E:\django\cms\venv\Lib\site-packages\django\db\models\query.py", line 1494, in _filter_or_exclude
    clone._filter_or_exclude_inplace(negate, args, kwargs)
  File "E:\django\cms\venv\Lib\site-packages\django\db\models\query.py", line 1501, in _filter_or_exclude_inplace
    self._query.add_q(Q(*args, **kwargs))
  File "E:\django\cms\venv\Lib\site-packages\django\db\models\sql\query.py", line 1613, in add_q
    clause, _ = self._add_q(q_object, self.used_aliases)
                ^^^^^^^^^^^^^^^^^^^^^^^^^^^^^^^^^^^^^^^^
  File "E:\django\cms\venv\Lib\site-packages\django\db\models\sql\query.py", line 1645, in _add_q
    child_clause, needed_inner = self.build_filter(
                                 ^^^^^^^^^^^^^^^^^^
  File "E:\django\cms\venv\Lib\site-packages\django\db\models\sql\query.py", line 1495, in build_filter
    lookups, parts, reffed_expression = self.solve_lookup_type(arg, summarize)
                                        ^^^^^^^^^^^^^^^^^^^^^^^^^^^^^^^^^^^^^^
  File "E:\django\cms\venv\Lib\site-packages\django\db\models\sql\query.py", line 1307, in solve_lookup_type
    _, field, _, lookup_parts = self.names_to_path(lookup_splitted, self.get_meta())
                                ^^^^^^^^^^^^^^^^^^^^^^^^^^^^^^^^^^^^^^^^^^^^^^^^^^^^
  File "E:\django\cms\venv\Lib\site-packages\django\db\models\sql\query.py", line 1772, in names_to_path
    raise FieldError(
django.core.exceptions.FieldError: Cannot resolve keyword 'team_id' into field. Choices are: age, athlete, b3athlete, events_athletes, fname, gender, hathlete, id, lname, medal_athletes, nathlete, results_athlete, school, school_id, schoolteam, vathlete
E:\django\cms\cms\football\apiviews.py changed, reloading.
Watching for file changes with StatReloader
Not Found: /football/fixturedetail/img/avatars/avatar-5.jpg
Not Found: /football/fixturedetail/img/avatars/avatar-2.jpg
Not Found: /football/fixturedetail/img/avatars/avatar-4.jpg
Not Found: /football/fixturedetail/img/avatars/avatar-3.jpg
Not Found: /football/fixturedetail/js/datatables.js
Not Found: /football/standings/img/avatars/avatar-5.jpg
Not Found: /football/standings/img/avatars/avatar-2.jpg
Not Found: /football/standings/js/datatables.js
Not Found: /football/standings/img/avatars/avatar-3.jpg
Not Found: /football/standings/img/avatars/avatar-4.jpg
Not Found: /football/img/avatars/avatar-2.jpg
Not Found: /football/img/avatars/avatar-3.jpg
Not Found: /football/img/avatars/avatar-4.jpg
Not Found: /football/js/datatables.js
Not Found: /football/img/avatars/avatar-5.jpg
Not Found: /football/futourn/img/avatars/avatar-2.jpg
Not Found: /football/futourn/img/avatars/avatar-3.jpg
Not Found: /football/futourn/js/datatables.js
Not Found: /football/futourn/img/avatars/avatar-5.jpg
Not Found: /football/futourn/img/avatars/avatar-4.jpg
Not Found: /get_group_teams/3/
Not Found: /football/fixturedetail/img/avatars/avatar-5.jpg
Not Found: /football/fixturedetail/img/avatars/avatar-2.jpg
Not Found: /football/fixturedetail/js/datatables.js
Not Found: /football/fixturedetail/img/avatars/avatar-4.jpg
Not Found: /football/fixturedetail/img/avatars/avatar-3.jpg
Internal Server Error: /get_athletes_for_team/
Traceback (most recent call last):
  File "E:\django\cms\venv\Lib\site-packages\django\core\handlers\exception.py", line 55, in inner
    response = get_response(request)
               ^^^^^^^^^^^^^^^^^^^^^
  File "E:\django\cms\venv\Lib\site-packages\django\core\handlers\base.py", line 197, in _get_response
    response = wrapped_callback(request, *callback_args, **callback_kwargs)
               ^^^^^^^^^^^^^^^^^^^^^^^^^^^^^^^^^^^^^^^^^^^^^^^^^^^^^^^^^^^^
  File "E:\django\cms\cms\basketball3\apiviews.py", line 67, in get_athletes_for_team
    athletes = Athlete.objects.filter(team_id=team_id)
               ^^^^^^^^^^^^^^^^^^^^^^^^^^^^^^^^^^^^^^^
  File "E:\django\cms\venv\Lib\site-packages\django\db\models\manager.py", line 87, in manager_method
    return getattr(self.get_queryset(), name)(*args, **kwargs)
           ^^^^^^^^^^^^^^^^^^^^^^^^^^^^^^^^^^^^^^^^^^^^^^^^^^^
  File "E:\django\cms\venv\Lib\site-packages\django\db\models\query.py", line 1476, in filter
    return self._filter_or_exclude(False, args, kwargs)
           ^^^^^^^^^^^^^^^^^^^^^^^^^^^^^^^^^^^^^^^^^^^^
  File "E:\django\cms\venv\Lib\site-packages\django\db\models\query.py", line 1494, in _filter_or_exclude
    clone._filter_or_exclude_inplace(negate, args, kwargs)
  File "E:\django\cms\venv\Lib\site-packages\django\db\models\query.py", line 1501, in _filter_or_exclude_inplace
    self._query.add_q(Q(*args, **kwargs))
  File "E:\django\cms\venv\Lib\site-packages\django\db\models\sql\query.py", line 1613, in add_q
    clause, _ = self._add_q(q_object, self.used_aliases)
                ^^^^^^^^^^^^^^^^^^^^^^^^^^^^^^^^^^^^^^^^
  File "E:\django\cms\venv\Lib\site-packages\django\db\models\sql\query.py", line 1645, in _add_q
    child_clause, needed_inner = self.build_filter(
                                 ^^^^^^^^^^^^^^^^^^
  File "E:\django\cms\venv\Lib\site-packages\django\db\models\sql\query.py", line 1495, in build_filter
    lookups, parts, reffed_expression = self.solve_lookup_type(arg, summarize)
                                        ^^^^^^^^^^^^^^^^^^^^^^^^^^^^^^^^^^^^^^
  File "E:\django\cms\venv\Lib\site-packages\django\db\models\sql\query.py", line 1307, in solve_lookup_type
    _, field, _, lookup_parts = self.names_to_path(lookup_splitted, self.get_meta())
                                ^^^^^^^^^^^^^^^^^^^^^^^^^^^^^^^^^^^^^^^^^^^^^^^^^^^^
  File "E:\django\cms\venv\Lib\site-packages\django\db\models\sql\query.py", line 1772, in names_to_path
    raise FieldError(
django.core.exceptions.FieldError: Cannot resolve keyword 'team_id' into field. Choices are: age, athlete, b3athlete, events_athletes, fname, gender, hathlete, id, lname, medal_athletes, nathlete, results_athlete, school, school_id, schoolteam, vathlete
Not Found: /football/fixturedetail/img/avatars/avatar-4.jpg
Not Found: /football/fixturedetail/img/avatars/avatar-3.jpg
Not Found: /football/fixturedetail/js/datatables.js
Not Found: /football/fixturedetail/img/avatars/avatar-5.jpg
Not Found: /football/fixturedetail/img/avatars/avatar-2.jpg
Internal Server Error: /get_athletes_for_team/
Traceback (most recent call last):
  File "E:\django\cms\venv\Lib\site-packages\django\core\handlers\exception.py", line 55, in inner
    response = get_response(request)
               ^^^^^^^^^^^^^^^^^^^^^
  File "E:\django\cms\venv\Lib\site-packages\django\core\handlers\base.py", line 197, in _get_response
    response = wrapped_callback(request, *callback_args, **callback_kwargs)
               ^^^^^^^^^^^^^^^^^^^^^^^^^^^^^^^^^^^^^^^^^^^^^^^^^^^^^^^^^^^^
  File "E:\django\cms\cms\basketball3\apiviews.py", line 67, in get_athletes_for_team
    athletes = Athlete.objects.filter(team_id=team_id)
               ^^^^^^^^^^^^^^^^^^^^^^^^^^^^^^^^^^^^^^^
  File "E:\django\cms\venv\Lib\site-packages\django\db\models\manager.py", line 87, in manager_method
    return getattr(self.get_queryset(), name)(*args, **kwargs)
           ^^^^^^^^^^^^^^^^^^^^^^^^^^^^^^^^^^^^^^^^^^^^^^^^^^^
  File "E:\django\cms\venv\Lib\site-packages\django\db\models\query.py", line 1476, in filter
    return self._filter_or_exclude(False, args, kwargs)
           ^^^^^^^^^^^^^^^^^^^^^^^^^^^^^^^^^^^^^^^^^^^^
  File "E:\django\cms\venv\Lib\site-packages\django\db\models\query.py", line 1494, in _filter_or_exclude
    clone._filter_or_exclude_inplace(negate, args, kwargs)
  File "E:\django\cms\venv\Lib\site-packages\django\db\models\query.py", line 1501, in _filter_or_exclude_inplace
    self._query.add_q(Q(*args, **kwargs))
  File "E:\django\cms\venv\Lib\site-packages\django\db\models\sql\query.py", line 1613, in add_q
    clause, _ = self._add_q(q_object, self.used_aliases)
                ^^^^^^^^^^^^^^^^^^^^^^^^^^^^^^^^^^^^^^^^
  File "E:\django\cms\venv\Lib\site-packages\django\db\models\sql\query.py", line 1645, in _add_q
    child_clause, needed_inner = self.build_filter(
                                 ^^^^^^^^^^^^^^^^^^
  File "E:\django\cms\venv\Lib\site-packages\django\db\models\sql\query.py", line 1495, in build_filter
    lookups, parts, reffed_expression = self.solve_lookup_type(arg, summarize)
                                        ^^^^^^^^^^^^^^^^^^^^^^^^^^^^^^^^^^^^^^
  File "E:\django\cms\venv\Lib\site-packages\django\db\models\sql\query.py", line 1307, in solve_lookup_type
    _, field, _, lookup_parts = self.names_to_path(lookup_splitted, self.get_meta())
                                ^^^^^^^^^^^^^^^^^^^^^^^^^^^^^^^^^^^^^^^^^^^^^^^^^^^^
  File "E:\django\cms\venv\Lib\site-packages\django\db\models\sql\query.py", line 1772, in names_to_path
    raise FieldError(
django.core.exceptions.FieldError: Cannot resolve keyword 'team_id' into field. Choices are: age, athlete, b3athlete, events_athletes, fname, gender, hathlete, id, lname, medal_athletes, nathlete, results_athlete, school, school_id, schoolteam, vathlete
Not Found: /football/fixturedetail/img/avatars/avatar-5.jpg
Not Found: /football/fixturedetail/img/avatars/avatar-2.jpg
Not Found: /football/fixturedetail/img/avatars/avatar-3.jpg
Not Found: /football/fixturedetail/img/avatars/avatar-4.jpg
Not Found: /football/fixturedetail/js/datatables.js
E:\django\cms\cms\football\forms.py changed, reloading.
Watching for file changes with StatReloader
E:\django\cms\cms\football\forms.py changed, reloading.
Watching for file changes with StatReloader
E:\django\cms\cms\football\forms.py changed, reloading.
Watching for file changes with StatReloader
E:\django\cms\cms\football\forms.py changed, reloading.
Watching for file changes with StatReloader
E:\django\cms\cms\football\forms.py changed, reloading.
Watching for file changes with StatReloader
E:\django\cms\cms\football\forms.py changed, reloading.
Watching for file changes with StatReloader
E:\django\cms\cms\football\apiviews.py changed, reloading.
Watching for file changes with StatReloader
E:\django\cms\cms\football\apiviews.py changed, reloading.
Watching for file changes with StatReloader
E:\django\cms\cms\football\apiviews.py changed, reloading.
Watching for file changes with StatReloader
Watching for file changes with StatReloader
E:\django\cms\cms\football\apiviews.py changed, reloading.
Watching for file changes with StatReloader
E:\django\cms\cms\football\apiviews.py changed, reloading.
Watching for file changes with StatReloader
Not Found: /football/fixturedetail/img/avatars/avatar-5.jpg
Not Found: /football/fixturedetail/img/avatars/avatar-2.jpg
Not Found: /football/fixturedetail/img/avatars/avatar-3.jpg
Not Found: /football/fixturedetail/img/avatars/avatar-4.jpg
Not Found: /football/fixturedetail/js/datatables.js
Not Found: /football/fixturedetail/img/avatars/avatar-2.jpg
Not Found: /football/fixturedetail/img/avatars/avatar-5.jpg
Not Found: /football/fixturedetail/img/avatars/avatar-3.jpg
Not Found: /football/fixturedetail/img/avatars/avatar-4.jpg
Not Found: /football/fixturedetail/js/datatables.js
E:\django\cms\cms\football\forms.py changed, reloading.
Watching for file changes with StatReloader
Internal Server Error: /football/fixturedetail/28
Traceback (most recent call last):
  File "E:\django\cms\venv\Lib\site-packages\django\core\handlers\exception.py", line 55, in inner
    response = get_response(request)
               ^^^^^^^^^^^^^^^^^^^^^
  File "E:\django\cms\venv\Lib\site-packages\django\core\handlers\base.py", line 197, in _get_response
    response = wrapped_callback(request, *callback_args, **callback_kwargs)
               ^^^^^^^^^^^^^^^^^^^^^^^^^^^^^^^^^^^^^^^^^^^^^^^^^^^^^^^^^^^^
  File "E:\django\cms\cms\football\views.py", line 203, in FixtureDetail
    eform = MatchEventForm(team1_id=fixture.team1.id, team2_id=fixture.team2.id)
            ^^^^^^^^^^^^^^^^^^^^^^^^^^^^^^^^^^^^^^^^^^^^^^^^^^^^^^^^^^^^^^^^^^^^
  File "E:\django\cms\cms\football\forms.py", line 102, in __init__
    super().__init__(*args, **kwargs)
TypeError: BaseModelForm.__init__() got an unexpected keyword argument 'team1_id'
Not Found: /favicon.ico
E:\django\cms\cms\football\forms.py changed, reloading.
Watching for file changes with StatReloader
E:\django\cms\cms\football\forms.py changed, reloading.
Watching for file changes with StatReloader
Not Found: /football/futourn/img/avatars/avatar-5.jpg
Not Found: /football/futourn/img/avatars/avatar-2.jpg
Not Found: /football/futourn/img/avatars/avatar-4.jpg
Not Found: /football/futourn/img/avatars/avatar-3.jpg
Not Found: /football/futourn/js/datatables.js
Not Found: /get_group_teams/3/
Not Found: /netball/fixture/28
Not Found: /football/futourn/img/avatars/avatar-2.jpg
Not Found: /football/futourn/img/avatars/avatar-5.jpg
Not Found: /football/futourn/img/avatars/avatar-3.jpg
Not Found: /football/futourn/img/avatars/avatar-4.jpg
Not Found: /football/futourn/js/datatables.js
Not Found: /get_group_teams/3/
Not Found: /sport/img/avatars/avatar-4.jpg
Not Found: /sport/img/avatars/avatar-5.jpg
Not Found: /sport/img/avatars/avatar-2.jpg
Not Found: /sport/img/avatars/avatar-3.jpg
Not Found: /sport/js/datatables.js
Not Found: /netball/img/avatars/avatar-5.jpg
Not Found: /netball/js/datatables.js
Not Found: /netball/img/avatars/avatar-4.jpg
Not Found: /netball/img/avatars/avatar-3.jpg
Not Found: /netball/img/avatars/avatar-2.jpg
Not Found: /netball/futourn/img/avatars/avatar-5.jpg
Not Found: /netball/futourn/img/avatars/avatar-3.jpg
Not Found: /netball/futourn/img/avatars/avatar-2.jpg
Not Found: /netball/futourn/img/avatars/avatar-4.jpg
Not Found: /netball/futourn/js/datatables.js
Not Found: /netball/fixture/img/avatars/avatar-5.jpg
Not Found: /netball/fixture/js/datatables.js
Not Found: /netball/fixture/img/avatars/avatar-3.jpg
Not Found: /netball/fixture/img/avatars/avatar-4.jpg
Not Found: /netball/fixture/img/avatars/avatar-2.jpg
E:\django\cms\cms\volleyball\signals.py changed, reloading.
Watching for file changes with StatReloader
E:\django\cms\cms\volleyball\signals.py changed, reloading.
Watching for file changes with StatReloader
E:\django\cms\cms\volleyball\models.py changed, reloading.
Watching for file changes with StatReloader
E:\django\cms\cms\volleyball\signals.py changed, reloading.
Watching for file changes with StatReloader
E:\django\cms\cms\volleyball\signals.py changed, reloading.
Watching for file changes with StatReloader
E:\django\cms\cms\volleyball\signals.py changed, reloading.
Watching for file changes with StatReloader
E:\django\cms\cms\volleyball\signals.py changed, reloading.
Watching for file changes with StatReloader
E:\django\cms\cms\volleyball\signals.py changed, reloading.
Watching for file changes with StatReloader
E:\django\cms\cms\volleyball\signals.py changed, reloading.
Watching for file changes with StatReloader
Not Found: /netball/img/avatars/avatar-5.jpg
Not Found: /netball/img/avatars/avatar-2.jpg
Not Found: /netball/img/avatars/avatar-4.jpg
Not Found: /netball/img/avatars/avatar-3.jpg
Not Found: /netball/js/datatables.js
Not Found: /netball/futourn/img/avatars/avatar-2.jpg
Not Found: /netball/futourn/img/avatars/avatar-5.jpg
Not Found: /netball/futourn/js/datatables.js
Not Found: /netball/futourn/img/avatars/avatar-3.jpg
Not Found: /netball/futourn/img/avatars/avatar-4.jpg
Not Found: /sport/img/avatars/avatar-5.jpg
Not Found: /sport/img/avatars/avatar-3.jpg
Not Found: /sport/img/avatars/avatar-2.jpg
Not Found: /sport/img/avatars/avatar-4.jpg
Not Found: /sport/js/datatables.js
Not Found: /football/js/datatables.js
Not Found: /football/img/avatars/avatar-2.jpg
Not Found: /football/img/avatars/avatar-3.jpg
Not Found: /football/img/avatars/avatar-5.jpg
Not Found: /football/img/avatars/avatar-4.jpg
Not Found: /football/futourn/img/avatars/avatar-2.jpg
Not Found: /football/futourn/img/avatars/avatar-3.jpg
Not Found: /football/futourn/img/avatars/avatar-5.jpg
Not Found: /football/futourn/img/avatars/avatar-4.jpg
Not Found: /football/futourn/js/datatables.js
Not Found: /get_group_teams/2/
Internal Server Error: /football/fixturedetail/1
Traceback (most recent call last):
  File "E:\django\cms\venv\Lib\site-packages\django\core\handlers\exception.py", line 55, in inner
    response = get_response(request)
               ^^^^^^^^^^^^^^^^^^^^^
  File "E:\django\cms\venv\Lib\site-packages\django\core\handlers\base.py", line 197, in _get_response
    response = wrapped_callback(request, *callback_args, **callback_kwargs)
               ^^^^^^^^^^^^^^^^^^^^^^^^^^^^^^^^^^^^^^^^^^^^^^^^^^^^^^^^^^^^
  File "E:\django\cms\cms\football\views.py", line 203, in FixtureDetail
    eform = MatchEventForm(team1_id=fixture.team1.id, team2_id=fixture.team2.id)
            ^^^^^^^^^^^^^^^^^^^^^^^^^^^^^^^^^^^^^^^^^^^^^^^^^^^^^^^^^^^^^^^^^^^^
  File "E:\django\cms\cms\football\forms.py", line 102, in __init__
    super().__init__(*args, **kwargs)
TypeError: BaseModelForm.__init__() got an unexpected keyword argument 'team1_id'
E:\django\cms\cms\volleyball\signals.py changed, reloading.
Watching for file changes with StatReloader
Not Found: /sport/img/avatars/avatar-5.jpg
Not Found: /sport/img/avatars/avatar-2.jpg
Not Found: /sport/img/avatars/avatar-4.jpg
Not Found: /sport/img/avatars/avatar-3.jpg
Not Found: /sport/js/datatables.js
Not Found: /volleyball/js/datatables.js
Not Found: /volleyball/img/avatars/avatar-5.jpg
Not Found: /volleyball/img/avatars/avatar-4.jpg
Not Found: /volleyball/img/avatars/avatar-2.jpg
Not Found: /volleyball/img/avatars/avatar-3.jpg
Not Found: /volleyball/futourn/img/avatars/avatar-3.jpg
Not Found: /volleyball/futourn/js/datatables.js
Not Found: /volleyball/futourn/img/avatars/avatar-4.jpg
Not Found: /volleyball/futourn/img/avatars/avatar-5.jpg
Not Found: /volleyball/futourn/img/avatars/avatar-2.jpg
Not Found: /volleyball/vfixturedetail/img/avatars/avatar-5.jpg
Not Found: /volleyball/vfixturedetail/js/datatables.js
Not Found: /volleyball/vfixturedetail/img/avatars/avatar-3.jpg
Not Found: /volleyball/vfixturedetail/img/avatars/avatar-4.jpg
Not Found: /volleyball/vfixturedetail/img/avatars/avatar-2.jpg
Internal Server Error: /football/fixturedetail/1
Traceback (most recent call last):
  File "E:\django\cms\venv\Lib\site-packages\django\core\handlers\exception.py", line 55, in inner
    response = get_response(request)
               ^^^^^^^^^^^^^^^^^^^^^
  File "E:\django\cms\venv\Lib\site-packages\django\core\handlers\base.py", line 197, in _get_response
    response = wrapped_callback(request, *callback_args, **callback_kwargs)
               ^^^^^^^^^^^^^^^^^^^^^^^^^^^^^^^^^^^^^^^^^^^^^^^^^^^^^^^^^^^^
  File "E:\django\cms\cms\football\views.py", line 203, in FixtureDetail
    eform = MatchEventForm(team1_id=fixture.team1.id, team2_id=fixture.team2.id)
            ^^^^^^^^^^^^^^^^^^^^^^^^^^^^^^^^^^^^^^^^^^^^^^^^^^^^^^^^^^^^^^^^^^^^
  File "E:\django\cms\cms\football\forms.py", line 102, in __init__
    super().__init__(*args, **kwargs)
TypeError: BaseModelForm.__init__() got an unexpected keyword argument 'team1_id'
Not Found: /sport/img/avatars/avatar-5.jpg
Not Found: /sport/img/avatars/avatar-2.jpg
Not Found: /sport/img/avatars/avatar-4.jpg
Not Found: /sport/img/avatars/avatar-3.jpg
Not Found: /sport/js/datatables.js
Not Found: /handball/img/avatars/avatar-2.jpg
Not Found: /handball/img/avatars/avatar-3.jpg
Not Found: /handball/img/avatars/avatar-4.jpg
Not Found: /handball/img/avatars/avatar-5.jpg
Not Found: /handball/js/datatables.js
Not Found: /handball/hhtourn/js/datatables.js
Not Found: /handball/hhtourn/img/avatars/avatar-2.jpg
Not Found: /handball/hhtourn/img/avatars/avatar-5.jpg
Not Found: /handball/hhtourn/img/avatars/avatar-4.jpg
Not Found: /handball/hhtourn/img/avatars/avatar-3.jpg
Not Found: /handball/hfixture/js/datatables.js
Not Found: /handball/hfixture/img/avatars/avatar-3.jpg
Not Found: /handball/hfixture/img/avatars/avatar-4.jpg
Not Found: /handball/hfixture/img/avatars/avatar-5.jpg
Not Found: /handball/hfixture/img/avatars/avatar-2.jpg
Watching for file changes with StatReloader
Watching for file changes with StatReloader
Not Found: /accounts/login/
Not Found: /favicon.ico
Not Found: /dashboard/img/avatars/avatar-2.jpg
Not Found: /dashboard/img/avatars/avatar-5.jpg
Not Found: /dashboard/img/avatars/avatar-3.jpg
Not Found: /dashboard/img/avatars/avatar-4.jpg
Not Found: /dashboard/js/datatables.js
Not Found: /news/img/avatars/avatar-5.jpg
Not Found: /news/img/avatars/avatar-2.jpg
Not Found: /news/img/avatars/avatar-4.jpg
Not Found: /news/img/avatars/avatar-3.jpg
Not Found: /news/js/datatables.js
Not Found: /news/img/avatars/avatar-2.jpg
Not Found: /news/img/avatars/avatar-5.jpg
Not Found: /news/js/datatables.js
Not Found: /news/img/avatars/avatar-3.jpg
Not Found: /news/img/avatars/avatar-4.jpg
Not Found: /news/img/avatars/avatar-2.jpg
Not Found: /news/img/avatars/avatar-5.jpg
Not Found: /news/img/avatars/avatar-4.jpg
Not Found: /news/img/avatars/avatar-3.jpg
Not Found: /news/js/datatables.js
Not Found: /news/img/avatars/avatar-5.jpg
Not Found: /news/img/avatars/avatar-2.jpg
Not Found: /news/img/avatars/avatar-3.jpg
Not Found: /news/img/avatars/avatar-4.jpg
Not Found: /news/js/datatables.js
Not Found: /news/img/avatars/avatar-5.jpg
Not Found: /news/js/datatables.js
Not Found: /news/img/avatars/avatar-2.jpg
Not Found: /news/img/avatars/avatar-3.jpg
Not Found: /news/img/avatars/avatar-4.jpg
Watching for file changes with StatReloader
Watching for file changes with StatReloader
E:\django\cms\cms\news\forms.py changed, reloading.
Watching for file changes with StatReloader
E:\django\cms\cms\news\forms.py changed, reloading.
Watching for file changes with StatReloader
E:\django\cms\cms\news\forms.py changed, reloading.
Watching for file changes with StatReloader
E:\django\cms\cms\news\forms.py changed, reloading.
Watching for file changes with StatReloader
E:\django\cms\cms\news\forms.py changed, reloading.
Watching for file changes with StatReloader
E:\django\cms\cms\news\forms.py changed, reloading.
Watching for file changes with StatReloader
Not Found: /news/img/avatars/avatar-5.jpg
Not Found: /news/img/avatars/avatar-2.jpg
Not Found: /news/img/avatars/avatar-4.jpg
Not Found: /news/img/avatars/avatar-3.jpg
Not Found: /news/js/datatables.js
Not Found: /news/img/avatars/avatar-5.jpg
Not Found: /news/img/avatars/avatar-2.jpg
Not Found: /news/img/avatars/avatar-4.jpg
Not Found: /news/img/avatars/avatar-3.jpg
Not Found: /news/js/datatables.js
Not Found: /news/img/avatars/avatar-5.jpg
Not Found: /news/img/avatars/avatar-2.jpg
Not Found: /news/img/avatars/avatar-3.jpg
Not Found: /news/img/avatars/avatar-4.jpg
Not Found: /news/js/datatables.js
E:\django\cms\cms\news\models.py changed, reloading.
Watching for file changes with StatReloader
E:\django\cms\cms\news\models.py changed, reloading.
Watching for file changes with StatReloader
E:\django\cms\cms\news\models.py changed, reloading.
Watching for file changes with StatReloader
Watching for file changes with StatReloader
Not Found: /news/img/avatars/avatar-5.jpg
Not Found: /news/img/avatars/avatar-2.jpg
Not Found: /news/img/avatars/avatar-4.jpg
Not Found: /news/img/avatars/avatar-3.jpg
Not Found: /news/js/datatables.js
Not Found: /news/img/avatars/avatar-5.jpg
Not Found: /news/img/avatars/avatar-2.jpg
Not Found: /news/img/avatars/avatar-3.jpg
Not Found: /news/img/avatars/avatar-4.jpg
Not Found: /news/js/datatables.js
Not Found: /news/img/avatars/avatar-2.jpg
Not Found: /news/img/avatars/avatar-5.jpg
Not Found: /news/img/avatars/avatar-4.jpg
Not Found: /news/img/avatars/avatar-3.jpg
Not Found: /news/js/datatables.js
Not Found: /news/js/datatables.js
Not Found: /news/img/avatars/avatar-3.jpg
Not Found: /news/img/avatars/avatar-4.jpg
Not Found: /news/img/avatars/avatar-5.jpg
Not Found: /news/img/avatars/avatar-2.jpg
Not Found: /news/img/avatars/avatar-4.jpg
Not Found: /news/img/avatars/avatar-3.jpg
Not Found: /news/js/datatables.js
Not Found: /news/img/avatars/avatar-2.jpg
Not Found: /news/img/avatars/avatar-5.jpg
Not Found: /news/img/avatars/avatar-2.jpg
Not Found: /news/img/avatars/avatar-5.jpg
Not Found: /news/img/avatars/avatar-3.jpg
Not Found: /news/img/avatars/avatar-4.jpg
Not Found: /news/js/datatables.js
Not Found: /news/img/avatars/avatar-5.jpg
Not Found: /news/img/avatars/avatar-2.jpg
Not Found: /news/img/avatars/avatar-3.jpg
Not Found: /news/img/avatars/avatar-4.jpg
Not Found: /news/js/datatables.js
Not Found: /news/img/avatars/avatar-2.jpg
Not Found: /news/img/avatars/avatar-5.jpg
Not Found: /news/img/avatars/avatar-4.jpg
Not Found: /news/img/avatars/avatar-3.jpg
Not Found: /news/js/datatables.js
Not Found: /news/img/avatars/avatar-5.jpg
Not Found: /news/img/avatars/avatar-2.jpg
Not Found: /news/img/avatars/avatar-4.jpg
Not Found: /news/js/datatables.js
Not Found: /news/img/avatars/avatar-3.jpg
Watching for file changes with StatReloader
Not Found: /news/img/avatars/avatar-2.jpg
Not Found: /news/img/avatars/avatar-5.jpg
Not Found: /news/img/avatars/avatar-4.jpg
Not Found: /news/img/avatars/avatar-3.jpg
Not Found: /news/js/datatables.js
Not Found: /news/img/avatars/avatar-5.jpg
Not Found: /news/img/avatars/avatar-2.jpg
Not Found: /news/img/avatars/avatar-4.jpg
Not Found: /news/img/avatars/avatar-3.jpg
Not Found: /news/js/datatables.js
Not Found: /news/img/avatars/avatar-5.jpg
Not Found: /news/img/avatars/avatar-2.jpg
Not Found: /news/img/avatars/avatar-4.jpg
Not Found: /news/img/avatars/avatar-3.jpg
Not Found: /news/js/datatables.js
Not Found: /news/img/avatars/avatar-5.jpg
Not Found: /news/img/avatars/avatar-2.jpg
Not Found: /news/img/avatars/avatar-4.jpg
Not Found: /news/js/datatables.js
Not Found: /news/img/avatars/avatar-3.jpg
Not Found: /news/img/avatars/avatar-2.jpg
Not Found: /news/img/avatars/avatar-5.jpg
Not Found: /news/img/avatars/avatar-3.jpg
Not Found: /news/js/datatables.js
Not Found: /news/img/avatars/avatar-4.jpg
Not Found: /news/img/avatars/avatar-5.jpg
Not Found: /news/img/avatars/avatar-2.jpg
Not Found: /news/img/avatars/avatar-4.jpg
Not Found: /news/js/datatables.js
Not Found: /news/img/avatars/avatar-3.jpg
Not Found: /news/img/avatars/avatar-5.jpg
Not Found: /news/img/avatars/avatar-2.jpg
Not Found: /news/js/datatables.js
Not Found: /news/img/avatars/avatar-4.jpg
Not Found: /news/img/avatars/avatar-3.jpg
Not Found: /news/img/avatars/avatar-2.jpg
Not Found: /news/img/avatars/avatar-5.jpg
Not Found: /news/img/avatars/avatar-4.jpg
Not Found: /news/js/datatables.js
Not Found: /news/img/avatars/avatar-3.jpg
Not Found: /news/img/avatars/avatar-5.jpg
Not Found: /news/img/avatars/avatar-2.jpg
Not Found: /news/img/avatars/avatar-4.jpg
Not Found: /news/js/datatables.js
Not Found: /news/img/avatars/avatar-3.jpg
Not Found: /news/img/avatars/avatar-2.jpg
Not Found: /news/img/avatars/avatar-5.jpg
Not Found: /news/img/avatars/avatar-3.jpg
Not Found: /news/img/avatars/avatar-4.jpg
Not Found: /news/js/datatables.js
Not Found: /news/img/avatars/avatar-2.jpg
Not Found: /news/img/avatars/avatar-5.jpg
Not Found: /news/js/datatables.js
Not Found: /news/img/avatars/avatar-4.jpg
Not Found: /news/img/avatars/avatar-3.jpg
Not Found: /news/img/avatars/avatar-5.jpg
Not Found: /news/img/avatars/avatar-2.jpg
Not Found: /news/img/avatars/avatar-3.jpg
Not Found: /news/js/datatables.js
Not Found: /news/img/avatars/avatar-4.jpg
Not Found: /news/img/avatars/avatar-5.jpg
Not Found: /news/img/avatars/avatar-2.jpg
Not Found: /news/js/datatables.js
Not Found: /news/img/avatars/avatar-3.jpg
Not Found: /news/img/avatars/avatar-4.jpg
Not Found: /news/img/avatars/avatar-5.jpg
Not Found: /news/img/avatars/avatar-2.jpg
Not Found: /news/img/avatars/avatar-4.jpg
Not Found: /news/js/datatables.js
Not Found: /news/img/avatars/avatar-3.jpg
Not Found: /news/img/avatars/avatar-2.jpg
Not Found: /news/img/avatars/avatar-5.jpg
Not Found: /news/img/avatars/avatar-3.jpg
Not Found: /news/img/avatars/avatar-4.jpg
Not Found: /news/js/datatables.js
Not Found: /news/img/avatars/avatar-2.jpg
Not Found: /news/img/avatars/avatar-5.jpg
Not Found: /news/img/avatars/avatar-4.jpg
Not Found: /news/img/avatars/avatar-3.jpg
Not Found: /news/js/datatables.js
Not Found: /news/img/avatars/avatar-2.jpg
Not Found: /news/img/avatars/avatar-5.jpg
Not Found: /news/js/datatables.js
Not Found: /news/img/avatars/avatar-3.jpg
Not Found: /news/img/avatars/avatar-4.jpg
E:\django\cms\cms\cms\settings.py changed, reloading.
Watching for file changes with StatReloader
E:\django\cms\cms\cms\settings.py changed, reloading.
Watching for file changes with StatReloader
Not Found: /news/img/avatars/avatar-5.jpg
Not Found: /news/img/avatars/avatar-2.jpg
Not Found: /news/img/avatars/avatar-4.jpg
Not Found: /news/img/avatars/avatar-3.jpg
Not Found: /news/js/datatables.js
E:\django\cms\cms\cms\settings.py changed, reloading.
Watching for file changes with StatReloader
Not Found: /news/img/avatars/avatar-5.jpg
Not Found: /news/img/avatars/avatar-2.jpg
Not Found: /news/img/avatars/avatar-4.jpg
Not Found: /news/img/avatars/avatar-3.jpg
Not Found: /news/js/datatables.js
Not Found: /news/img/avatars/avatar-2.jpg
Not Found: /news/img/avatars/avatar-5.jpg
Not Found: /news/img/avatars/avatar-3.jpg
Not Found: /news/img/avatars/avatar-4.jpg
Not Found: /news/js/datatables.js
Internal Server Error: /news/newpost
Traceback (most recent call last):
  File "E:\django\cms\venv\Lib\site-packages\django\core\handlers\exception.py", line 55, in inner
    response = get_response(request)
               ^^^^^^^^^^^^^^^^^^^^^
  File "E:\django\cms\venv\Lib\site-packages\django\core\handlers\base.py", line 197, in _get_response
    response = wrapped_callback(request, *callback_args, **callback_kwargs)
               ^^^^^^^^^^^^^^^^^^^^^^^^^^^^^^^^^^^^^^^^^^^^^^^^^^^^^^^^^^^^
  File "E:\django\cms\venv\Lib\site-packages\django\contrib\auth\decorators.py", line 23, in _wrapper_view
    return view_func(request, *args, **kwargs)
           ^^^^^^^^^^^^^^^^^^^^^^^^^^^^^^^^^^^
  File "E:\django\cms\cms\news\views.py", line 20, in create_post
    return redirect("post_detail", post_id=post.id)
           ^^^^^^^^^^^^^^^^^^^^^^^^^^^^^^^^^^^^^^^^
  File "E:\django\cms\venv\Lib\site-packages\django\shortcuts.py", line 49, in redirect
    return redirect_class(resolve_url(to, *args, **kwargs))
                          ^^^^^^^^^^^^^^^^^^^^^^^^^^^^^^^^
  File "E:\django\cms\venv\Lib\site-packages\django\shortcuts.py", line 180, in resolve_url
    return reverse(to, args=args, kwargs=kwargs)
           ^^^^^^^^^^^^^^^^^^^^^^^^^^^^^^^^^^^^^
  File "E:\django\cms\venv\Lib\site-packages\django\urls\base.py", line 88, in reverse
    return resolver._reverse_with_prefix(view, prefix, *args, **kwargs)
           ^^^^^^^^^^^^^^^^^^^^^^^^^^^^^^^^^^^^^^^^^^^^^^^^^^^^^^^^^^^^
  File "E:\django\cms\venv\Lib\site-packages\django\urls\resolvers.py", line 851, in _reverse_with_prefix
    raise NoReverseMatch(msg)
django.urls.exceptions.NoReverseMatch: Reverse for 'post_detail' not found. 'post_detail' is not a valid view function or pattern name.
Not Found: /favicon.ico
E:\django\cms\cms\news\urls.py changed, reloading.
Watching for file changes with StatReloader
E:\django\cms\cms\news\urls.py changed, reloading.
Watching for file changes with StatReloader
E:\django\cms\cms\news\urls.py changed, reloading.
Watching for file changes with StatReloader
E:\django\cms\cms\news\urls.py changed, reloading.
Watching for file changes with StatReloader
E:\django\cms\cms\news\views.py changed, reloading.
Watching for file changes with StatReloader
Internal Server Error: /news/posts
Traceback (most recent call last):
  File "E:\django\cms\venv\Lib\site-packages\django\core\handlers\exception.py", line 55, in inner
    response = get_response(request)
               ^^^^^^^^^^^^^^^^^^^^^
  File "E:\django\cms\venv\Lib\site-packages\django\core\handlers\base.py", line 197, in _get_response
    response = wrapped_callback(request, *callback_args, **callback_kwargs)
               ^^^^^^^^^^^^^^^^^^^^^^^^^^^^^^^^^^^^^^^^^^^^^^^^^^^^^^^^^^^^
  File "E:\django\cms\cms\news\views.py", line 55, in post_list
    return render(request, "post_list.html", {"posts": posts})
           ^^^^^^^^^^^^^^^^^^^^^^^^^^^^^^^^^^^^^^^^^^^^^^^^^^^
  File "E:\django\cms\venv\Lib\site-packages\django\shortcuts.py", line 25, in render
    content = loader.render_to_string(template_name, context, request, using=using)
              ^^^^^^^^^^^^^^^^^^^^^^^^^^^^^^^^^^^^^^^^^^^^^^^^^^^^^^^^^^^^^^^^^^^^^
  File "E:\django\cms\venv\Lib\site-packages\django\template\loader.py", line 62, in render_to_string
    return template.render(context, request)
           ^^^^^^^^^^^^^^^^^^^^^^^^^^^^^^^^^
  File "E:\django\cms\venv\Lib\site-packages\django\template\backends\django.py", line 61, in render
    return self.template.render(context)
           ^^^^^^^^^^^^^^^^^^^^^^^^^^^^^
  File "E:\django\cms\venv\Lib\site-packages\django\template\base.py", line 171, in render
    return self._render(context)
           ^^^^^^^^^^^^^^^^^^^^^
  File "E:\django\cms\venv\Lib\site-packages\django\template\base.py", line 163, in _render
    return self.nodelist.render(context)
           ^^^^^^^^^^^^^^^^^^^^^^^^^^^^^
  File "E:\django\cms\venv\Lib\site-packages\django\template\base.py", line 1000, in render
    return SafeString("".join([node.render_annotated(context) for node in self]))
                               ^^^^^^^^^^^^^^^^^^^^^^^^^^^^^^
  File "E:\django\cms\venv\Lib\site-packages\django\template\base.py", line 961, in render_annotated
    return self.render(context)
           ^^^^^^^^^^^^^^^^^^^^
  File "E:\django\cms\venv\Lib\site-packages\django\template\loader_tags.py", line 159, in render
    return compiled_parent._render(context)
           ^^^^^^^^^^^^^^^^^^^^^^^^^^^^^^^^
  File "E:\django\cms\venv\Lib\site-packages\django\template\base.py", line 163, in _render
    return self.nodelist.render(context)
           ^^^^^^^^^^^^^^^^^^^^^^^^^^^^^
  File "E:\django\cms\venv\Lib\site-packages\django\template\base.py", line 1000, in render
    return SafeString("".join([node.render_annotated(context) for node in self]))
                               ^^^^^^^^^^^^^^^^^^^^^^^^^^^^^^
  File "E:\django\cms\venv\Lib\site-packages\django\template\base.py", line 961, in render_annotated
    return self.render(context)
           ^^^^^^^^^^^^^^^^^^^^
  File "E:\django\cms\venv\Lib\site-packages\django\template\loader_tags.py", line 159, in render
    return compiled_parent._render(context)
           ^^^^^^^^^^^^^^^^^^^^^^^^^^^^^^^^
  File "E:\django\cms\venv\Lib\site-packages\django\template\base.py", line 163, in _render
    return self.nodelist.render(context)
           ^^^^^^^^^^^^^^^^^^^^^^^^^^^^^
  File "E:\django\cms\venv\Lib\site-packages\django\template\base.py", line 1000, in render
    return SafeString("".join([node.render_annotated(context) for node in self]))
                               ^^^^^^^^^^^^^^^^^^^^^^^^^^^^^^
  File "E:\django\cms\venv\Lib\site-packages\django\template\base.py", line 961, in render_annotated
    return self.render(context)
           ^^^^^^^^^^^^^^^^^^^^
  File "E:\django\cms\venv\Lib\site-packages\django\template\loader_tags.py", line 65, in render
    result = block.nodelist.render(context)
             ^^^^^^^^^^^^^^^^^^^^^^^^^^^^^^
  File "E:\django\cms\venv\Lib\site-packages\django\template\base.py", line 1000, in render
    return SafeString("".join([node.render_annotated(context) for node in self]))
                               ^^^^^^^^^^^^^^^^^^^^^^^^^^^^^^
  File "E:\django\cms\venv\Lib\site-packages\django\template\base.py", line 961, in render_annotated
    return self.render(context)
           ^^^^^^^^^^^^^^^^^^^^
  File "E:\django\cms\venv\Lib\site-packages\django\template\loader_tags.py", line 65, in render
    result = block.nodelist.render(context)
             ^^^^^^^^^^^^^^^^^^^^^^^^^^^^^^
  File "E:\django\cms\venv\Lib\site-packages\django\template\base.py", line 1000, in render
    return SafeString("".join([node.render_annotated(context) for node in self]))
                               ^^^^^^^^^^^^^^^^^^^^^^^^^^^^^^
  File "E:\django\cms\venv\Lib\site-packages\django\template\base.py", line 961, in render_annotated
    return self.render(context)
           ^^^^^^^^^^^^^^^^^^^^
  File "E:\django\cms\venv\Lib\site-packages\django\template\defaulttags.py", line 242, in render
    nodelist.append(node.render_annotated(context))
                    ^^^^^^^^^^^^^^^^^^^^^^^^^^^^^^
  File "E:\django\cms\venv\Lib\site-packages\django\template\base.py", line 961, in render_annotated
    return self.render(context)
           ^^^^^^^^^^^^^^^^^^^^
  File "E:\django\cms\venv\Lib\site-packages\django\template\defaulttags.py", line 479, in render
    url = reverse(view_name, args=args, kwargs=kwargs, current_app=current_app)
          ^^^^^^^^^^^^^^^^^^^^^^^^^^^^^^^^^^^^^^^^^^^^^^^^^^^^^^^^^^^^^^^^^^^^^
  File "E:\django\cms\venv\Lib\site-packages\django\urls\base.py", line 88, in reverse
    return resolver._reverse_with_prefix(view, prefix, *args, **kwargs)
           ^^^^^^^^^^^^^^^^^^^^^^^^^^^^^^^^^^^^^^^^^^^^^^^^^^^^^^^^^^^^
  File "E:\django\cms\venv\Lib\site-packages\django\urls\resolvers.py", line 851, in _reverse_with_prefix
    raise NoReverseMatch(msg)
django.urls.exceptions.NoReverseMatch: Reverse for 'post' not found. 'post' is not a valid view function or pattern name.
Not Found: /news/img/avatars/avatar-5.jpg
Not Found: /news/img/avatars/avatar-2.jpg
Not Found: /news/img/avatars/avatar-4.jpg
Not Found: /news/img/avatars/avatar-3.jpg
Not Found: /news/js/datatables.js
Not Found: /news/img/avatars/avatar-5.jpg
Not Found: /news/img/avatars/avatar-2.jpg
Not Found: /news/img/avatars/avatar-4.jpg
Not Found: /news/img/avatars/avatar-3.jpg
Not Found: /news/js/datatables.js
Not Found: /news/img/avatars/avatar-5.jpg
Not Found: /news/img/avatars/avatar-2.jpg
Not Found: /news/img/avatars/avatar-4.jpg
Not Found: /news/img/avatars/avatar-3.jpg
Not Found: /news/js/datatables.js
Not Found: /news/img/avatars/avatar-5.jpg
Not Found: /news/img/avatars/avatar-2.jpg
Not Found: /news/img/avatars/avatar-4.jpg
Not Found: /news/img/avatars/avatar-3.jpg
Not Found: /news/js/datatables.js
Not Found: /news/img/avatars/avatar-5.jpg
Not Found: /news/img/avatars/avatar-2.jpg
Not Found: /news/img/avatars/avatar-3.jpg
Not Found: /news/img/avatars/avatar-4.jpg
Not Found: /news/js/datatables.js
Not Found: /news/img/avatars/avatar-5.jpg
Not Found: /news/img/avatars/avatar-2.jpg
Not Found: /news/img/avatars/avatar-4.jpg
Not Found: /news/img/avatars/avatar-3.jpg
Not Found: /news/js/datatables.js
Not Found: /news/img/avatars/avatar-2.jpg
Not Found: /news/img/avatars/avatar-5.jpg
Not Found: /news/js/datatables.js
Not Found: /news/img/avatars/avatar-4.jpg
Not Found: /news/img/avatars/avatar-3.jpg
Not Found: /news/img/avatars/avatar-5.jpg
Not Found: /news/img/avatars/avatar-2.jpg
Not Found: /news/img/avatars/avatar-3.jpg
Not Found: /news/img/avatars/avatar-4.jpg
Not Found: /news/js/datatables.js
Not Found: /news/img/avatars/avatar-2.jpg
Not Found: /news/img/avatars/avatar-5.jpg
Not Found: /news/img/avatars/avatar-4.jpg
Not Found: /news/js/datatables.js
Not Found: /news/img/avatars/avatar-3.jpg
Not Found: /news/img/avatars/avatar-2.jpg
Not Found: /news/img/avatars/avatar-5.jpg
Not Found: /news/img/avatars/avatar-3.jpg
Not Found: /news/js/datatables.js
Not Found: /news/img/avatars/avatar-4.jpg
E:\django\cms\cms\news\urls.py changed, reloading.
Watching for file changes with StatReloader
E:\django\cms\cms\news\urls.py changed, reloading.
Watching for file changes with StatReloader
E:\django\cms\cms\news\urls.py changed, reloading.
Watching for file changes with StatReloader
E:\django\cms\cms\news\urls.py changed, reloading.
Watching for file changes with StatReloader
E:\django\cms\cms\news\urls.py changed, reloading.
Watching for file changes with StatReloader
E:\django\cms\cms\news\urls.py changed, reloading.
Watching for file changes with StatReloader
Internal Server Error: /news/post/1
Traceback (most recent call last):
  File "E:\django\cms\venv\Lib\site-packages\django\core\handlers\exception.py", line 55, in inner
    response = get_response(request)
               ^^^^^^^^^^^^^^^^^^^^^
  File "E:\django\cms\venv\Lib\site-packages\django\core\handlers\base.py", line 197, in _get_response
    response = wrapped_callback(request, *callback_args, **callback_kwargs)
               ^^^^^^^^^^^^^^^^^^^^^^^^^^^^^^^^^^^^^^^^^^^^^^^^^^^^^^^^^^^^
TypeError: post_detail() got an unexpected keyword argument 'id'
E:\django\cms\cms\news\views.py changed, reloading.
Watching for file changes with StatReloader
Not Found: /news/post/img/avatars/avatar-5.jpg
Not Found: /news/post/img/avatars/avatar-2.jpg
Not Found: /news/post/img/avatars/avatar-4.jpg
Not Found: /news/post/img/avatars/avatar-3.jpg
Not Found: /news/post/js/datatables.js
Not Found: /news/post/img/avatars/avatar-5.jpg
Not Found: /news/post/img/avatars/avatar-2.jpg
Not Found: /news/post/img/avatars/avatar-3.jpg
Not Found: /news/post/img/avatars/avatar-4.jpg
Not Found: /news/post/js/datatables.js
Not Found: /news/post/js/datatables.js
Not Found: /news/post/img/avatars/avatar-2.jpg
Not Found: /news/post/img/avatars/avatar-3.jpg
Not Found: /news/post/img/avatars/avatar-4.jpg
Not Found: /news/post/img/avatars/avatar-5.jpg
Internal Server Error: /news/post/1
Traceback (most recent call last):
  File "E:\django\cms\venv\Lib\site-packages\django\template\base.py", line 875, in _resolve_lookup
    current = current[bit]
              ~~~~~~~^^^^^
TypeError: 'ImageFieldFile' object is not subscriptable

During handling of the above exception, another exception occurred:

Traceback (most recent call last):
  File "E:\django\cms\venv\Lib\site-packages\django\core\handlers\exception.py", line 55, in inner
    response = get_response(request)
               ^^^^^^^^^^^^^^^^^^^^^
  File "E:\django\cms\venv\Lib\site-packages\django\core\handlers\base.py", line 197, in _get_response
    response = wrapped_callback(request, *callback_args, **callback_kwargs)
               ^^^^^^^^^^^^^^^^^^^^^^^^^^^^^^^^^^^^^^^^^^^^^^^^^^^^^^^^^^^^
  File "E:\django\cms\cms\news\views.py", line 60, in post_detail
    return render(request, "post_detail.html", {"post": post})
           ^^^^^^^^^^^^^^^^^^^^^^^^^^^^^^^^^^^^^^^^^^^^^^^^^^^
  File "E:\django\cms\venv\Lib\site-packages\django\shortcuts.py", line 25, in render
    content = loader.render_to_string(template_name, context, request, using=using)
              ^^^^^^^^^^^^^^^^^^^^^^^^^^^^^^^^^^^^^^^^^^^^^^^^^^^^^^^^^^^^^^^^^^^^^
  File "E:\django\cms\venv\Lib\site-packages\django\template\loader.py", line 62, in render_to_string
    return template.render(context, request)
           ^^^^^^^^^^^^^^^^^^^^^^^^^^^^^^^^^
  File "E:\django\cms\venv\Lib\site-packages\django\template\backends\django.py", line 61, in render
    return self.template.render(context)
           ^^^^^^^^^^^^^^^^^^^^^^^^^^^^^
  File "E:\django\cms\venv\Lib\site-packages\django\template\base.py", line 171, in render
    return self._render(context)
           ^^^^^^^^^^^^^^^^^^^^^
  File "E:\django\cms\venv\Lib\site-packages\django\template\base.py", line 163, in _render
    return self.nodelist.render(context)
           ^^^^^^^^^^^^^^^^^^^^^^^^^^^^^
  File "E:\django\cms\venv\Lib\site-packages\django\template\base.py", line 1000, in render
    return SafeString("".join([node.render_annotated(context) for node in self]))
                               ^^^^^^^^^^^^^^^^^^^^^^^^^^^^^^
  File "E:\django\cms\venv\Lib\site-packages\django\template\base.py", line 961, in render_annotated
    return self.render(context)
           ^^^^^^^^^^^^^^^^^^^^
  File "E:\django\cms\venv\Lib\site-packages\django\template\loader_tags.py", line 159, in render
    return compiled_parent._render(context)
           ^^^^^^^^^^^^^^^^^^^^^^^^^^^^^^^^
  File "E:\django\cms\venv\Lib\site-packages\django\template\base.py", line 163, in _render
    return self.nodelist.render(context)
           ^^^^^^^^^^^^^^^^^^^^^^^^^^^^^
  File "E:\django\cms\venv\Lib\site-packages\django\template\base.py", line 1000, in render
    return SafeString("".join([node.render_annotated(context) for node in self]))
                               ^^^^^^^^^^^^^^^^^^^^^^^^^^^^^^
  File "E:\django\cms\venv\Lib\site-packages\django\template\base.py", line 961, in render_annotated
    return self.render(context)
           ^^^^^^^^^^^^^^^^^^^^
  File "E:\django\cms\venv\Lib\site-packages\django\template\loader_tags.py", line 65, in render
    result = block.nodelist.render(context)
             ^^^^^^^^^^^^^^^^^^^^^^^^^^^^^^
  File "E:\django\cms\venv\Lib\site-packages\django\template\base.py", line 1000, in render
    return SafeString("".join([node.render_annotated(context) for node in self]))
                               ^^^^^^^^^^^^^^^^^^^^^^^^^^^^^^
  File "E:\django\cms\venv\Lib\site-packages\django\template\base.py", line 961, in render_annotated
    return self.render(context)
           ^^^^^^^^^^^^^^^^^^^^
  File "E:\django\cms\venv\Lib\site-packages\django\template\base.py", line 1059, in render
    output = self.filter_expression.resolve(context)
             ^^^^^^^^^^^^^^^^^^^^^^^^^^^^^^^^^^^^^^^
  File "E:\django\cms\venv\Lib\site-packages\django\template\base.py", line 710, in resolve
    obj = self.var.resolve(context)
          ^^^^^^^^^^^^^^^^^^^^^^^^^
  File "E:\django\cms\venv\Lib\site-packages\django\template\base.py", line 842, in resolve
    value = self._resolve_lookup(context)
            ^^^^^^^^^^^^^^^^^^^^^^^^^^^^^
  File "E:\django\cms\venv\Lib\site-packages\django\template\base.py", line 885, in _resolve_lookup
    current = getattr(current, bit)
              ^^^^^^^^^^^^^^^^^^^^^
  File "E:\django\cms\venv\Lib\site-packages\django\db\models\fields\files.py", line 66, in url
    self._require_file()
  File "E:\django\cms\venv\Lib\site-packages\django\db\models\fields\files.py", line 41, in _require_file
    raise ValueError(
ValueError: The 'thumbnail' attribute has no file associated with it.
Internal Server Error: /news/post/1
Traceback (most recent call last):
  File "E:\django\cms\venv\Lib\site-packages\django\template\base.py", line 875, in _resolve_lookup
    current = current[bit]
              ~~~~~~~^^^^^
TypeError: 'ImageFieldFile' object is not subscriptable

During handling of the above exception, another exception occurred:

Traceback (most recent call last):
  File "E:\django\cms\venv\Lib\site-packages\django\core\handlers\exception.py", line 55, in inner
    response = get_response(request)
               ^^^^^^^^^^^^^^^^^^^^^
  File "E:\django\cms\venv\Lib\site-packages\django\core\handlers\base.py", line 197, in _get_response
    response = wrapped_callback(request, *callback_args, **callback_kwargs)
               ^^^^^^^^^^^^^^^^^^^^^^^^^^^^^^^^^^^^^^^^^^^^^^^^^^^^^^^^^^^^
  File "E:\django\cms\cms\news\views.py", line 60, in post_detail
    return render(request, "post_detail.html", {"post": post})
           ^^^^^^^^^^^^^^^^^^^^^^^^^^^^^^^^^^^^^^^^^^^^^^^^^^^
  File "E:\django\cms\venv\Lib\site-packages\django\shortcuts.py", line 25, in render
    content = loader.render_to_string(template_name, context, request, using=using)
              ^^^^^^^^^^^^^^^^^^^^^^^^^^^^^^^^^^^^^^^^^^^^^^^^^^^^^^^^^^^^^^^^^^^^^
  File "E:\django\cms\venv\Lib\site-packages\django\template\loader.py", line 62, in render_to_string
    return template.render(context, request)
           ^^^^^^^^^^^^^^^^^^^^^^^^^^^^^^^^^
  File "E:\django\cms\venv\Lib\site-packages\django\template\backends\django.py", line 61, in render
    return self.template.render(context)
           ^^^^^^^^^^^^^^^^^^^^^^^^^^^^^
  File "E:\django\cms\venv\Lib\site-packages\django\template\base.py", line 171, in render
    return self._render(context)
           ^^^^^^^^^^^^^^^^^^^^^
  File "E:\django\cms\venv\Lib\site-packages\django\template\base.py", line 163, in _render
    return self.nodelist.render(context)
           ^^^^^^^^^^^^^^^^^^^^^^^^^^^^^
  File "E:\django\cms\venv\Lib\site-packages\django\template\base.py", line 1000, in render
    return SafeString("".join([node.render_annotated(context) for node in self]))
                               ^^^^^^^^^^^^^^^^^^^^^^^^^^^^^^
  File "E:\django\cms\venv\Lib\site-packages\django\template\base.py", line 961, in render_annotated
    return self.render(context)
           ^^^^^^^^^^^^^^^^^^^^
  File "E:\django\cms\venv\Lib\site-packages\django\template\loader_tags.py", line 159, in render
    return compiled_parent._render(context)
           ^^^^^^^^^^^^^^^^^^^^^^^^^^^^^^^^
  File "E:\django\cms\venv\Lib\site-packages\django\template\base.py", line 163, in _render
    return self.nodelist.render(context)
           ^^^^^^^^^^^^^^^^^^^^^^^^^^^^^
  File "E:\django\cms\venv\Lib\site-packages\django\template\base.py", line 1000, in render
    return SafeString("".join([node.render_annotated(context) for node in self]))
                               ^^^^^^^^^^^^^^^^^^^^^^^^^^^^^^
  File "E:\django\cms\venv\Lib\site-packages\django\template\base.py", line 961, in render_annotated
    return self.render(context)
           ^^^^^^^^^^^^^^^^^^^^
  File "E:\django\cms\venv\Lib\site-packages\django\template\loader_tags.py", line 65, in render
    result = block.nodelist.render(context)
             ^^^^^^^^^^^^^^^^^^^^^^^^^^^^^^
  File "E:\django\cms\venv\Lib\site-packages\django\template\base.py", line 1000, in render
    return SafeString("".join([node.render_annotated(context) for node in self]))
                               ^^^^^^^^^^^^^^^^^^^^^^^^^^^^^^
  File "E:\django\cms\venv\Lib\site-packages\django\template\base.py", line 961, in render_annotated
    return self.render(context)
           ^^^^^^^^^^^^^^^^^^^^
  File "E:\django\cms\venv\Lib\site-packages\django\template\base.py", line 1059, in render
    output = self.filter_expression.resolve(context)
             ^^^^^^^^^^^^^^^^^^^^^^^^^^^^^^^^^^^^^^^
  File "E:\django\cms\venv\Lib\site-packages\django\template\base.py", line 710, in resolve
    obj = self.var.resolve(context)
          ^^^^^^^^^^^^^^^^^^^^^^^^^
  File "E:\django\cms\venv\Lib\site-packages\django\template\base.py", line 842, in resolve
    value = self._resolve_lookup(context)
            ^^^^^^^^^^^^^^^^^^^^^^^^^^^^^
  File "E:\django\cms\venv\Lib\site-packages\django\template\base.py", line 885, in _resolve_lookup
    current = getattr(current, bit)
              ^^^^^^^^^^^^^^^^^^^^^
  File "E:\django\cms\venv\Lib\site-packages\django\db\models\fields\files.py", line 66, in url
    self._require_file()
  File "E:\django\cms\venv\Lib\site-packages\django\db\models\fields\files.py", line 41, in _require_file
    raise ValueError(
ValueError: The 'thumbnail' attribute has no file associated with it.
Not Found: /news/img/avatars/avatar-5.jpg
Not Found: /news/img/avatars/avatar-2.jpg
Not Found: /news/img/avatars/avatar-3.jpg
Not Found: /news/js/datatables.js
Not Found: /news/img/avatars/avatar-4.jpg
Not Found: /news/img/avatars/avatar-5.jpg
Not Found: /news/img/avatars/avatar-2.jpg
Not Found: /news/img/avatars/avatar-4.jpg
Not Found: /news/img/avatars/avatar-3.jpg
Not Found: /news/js/datatables.js
Not Found: /news/img/avatars/avatar-2.jpg
Not Found: /news/img/avatars/avatar-5.jpg
Not Found: /news/img/avatars/avatar-3.jpg
Not Found: /news/img/avatars/avatar-4.jpg
Not Found: /news/js/datatables.js
Not Found: /news/img/avatars/avatar-2.jpg
Not Found: /news/img/avatars/avatar-5.jpg
Not Found: /news/img/avatars/avatar-3.jpg
Not Found: /news/js/datatables.js
Not Found: /news/img/avatars/avatar-4.jpg
Not Found: /news/img/avatars/avatar-5.jpg
Not Found: /news/img/avatars/avatar-2.jpg
Not Found: /news/img/avatars/avatar-4.jpg
Not Found: /news/img/avatars/avatar-3.jpg
Not Found: /news/js/datatables.js
Not Found: /news/img/avatars/avatar-2.jpg
Not Found: /news/img/avatars/avatar-5.jpg
Not Found: /news/img/avatars/avatar-4.jpg
Not Found: /news/js/datatables.js
Not Found: /news/img/avatars/avatar-3.jpg
Not Found: /news/img/avatars/avatar-5.jpg
Not Found: /news/img/avatars/avatar-2.jpg
Not Found: /news/img/avatars/avatar-4.jpg
Not Found: /news/img/avatars/avatar-3.jpg
Not Found: /news/js/datatables.js
Not Found: /news/img/avatars/avatar-5.jpg
Not Found: /news/img/avatars/avatar-2.jpg
Not Found: /news/img/avatars/avatar-3.jpg
Not Found: /news/img/avatars/avatar-4.jpg
Not Found: /news/js/datatables.js
Not Found: /news/img/avatars/avatar-2.jpg
Not Found: /news/img/avatars/avatar-5.jpg
Not Found: /news/img/avatars/avatar-4.jpg
Not Found: /news/img/avatars/avatar-3.jpg
Not Found: /news/js/datatables.js
Not Found: /news/img/avatars/avatar-2.jpg
Not Found: /news/img/avatars/avatar-5.jpg
Not Found: /news/img/avatars/avatar-4.jpg
Not Found: /news/img/avatars/avatar-3.jpg
Not Found: /news/js/datatables.js
